<?xml version="1.0" encoding="UTF-8"?>
<!-- Generated by org.testng.reporters.JUnitReportReporter -->
<testsuite hostname="DESKTOP-UM2MPT8" failures="0" tests="2" name="TestScenarios.FoodsPageTest" time="6.871" errors="0" timestamp="2023-09-20T19:49:19 IST" skipped="0">
  <testcase classname="TestScenarios.FoodsPageTest" name="TestFoodsPage" time="2.419"/>
  <system-out/>
  <testcase classname="TestScenarios.FoodsPageTest" name="TestBackButton" time="4.452"/>
  <system-out/>
</testsuite> <!-- TestScenarios.FoodsPageTest -->
