<?xml version="1.0" encoding="UTF-8"?>
<!-- Generated by org.testng.reporters.JUnitReportReporter -->
<testsuite hostname="DESKTOP-UM2MPT8" failures="0" tests="1" name="TestScenarios.NewsPageTest" time="3.380" errors="0" timestamp="2023-09-20T19:49:19 IST" skipped="0">
  <testcase classname="TestScenarios.NewsPageTest" name="TestNewsPageUI" time="3.380"/>
  <system-out/>
</testsuite> <!-- TestScenarios.NewsPageTest -->
