<?xml version="1.0" encoding="UTF-8"?>
<!-- Generated by org.testng.reporters.JUnitReportReporter -->
<testsuite hostname="DESKTOP-UM2MPT8" failures="0" tests="2" name="TestScenarios.DiwaliPageTest" time="8.117" errors="0" timestamp="2023-09-20T19:49:19 IST" skipped="0">
  <testcase classname="TestScenarios.DiwaliPageTest" name="TestDiwaliPageUI" time="5.620"/>
  <system-out/>
  <testcase classname="TestScenarios.DiwaliPageTest" name="TestBackButton" time="2.497"/>
  <system-out/>
</testsuite> <!-- TestScenarios.DiwaliPageTest -->
