<?xml version="1.0" encoding="UTF-8"?>
<!-- Generated by org.testng.reporters.JUnitReportReporter -->
<testsuite hostname="DESKTOP-UM2MPT8" failures="0" tests="2" name="TestScenarios.TechnologyPageTest" time="5.970" errors="0" timestamp="2023-09-20T19:49:19 IST" skipped="0">
  <testcase classname="TestScenarios.TechnologyPageTest" name="TestTechnologyPage" time="3.293"/>
  <system-out/>
  <testcase classname="TestScenarios.TechnologyPageTest" name="TestBackButton" time="2.677"/>
  <system-out/>
</testsuite> <!-- TestScenarios.TechnologyPageTest -->
